2019-04-30 21:52:41 [128.206.251.216][4][r1c575288mdonl4cm2qa711s5e][error][yii\base\UnknownPropertyException] yii\base\UnknownPropertyException: Setting unknown property: humhub\modules\dashboard\widgets\DashboardContent::contentContainer in /var/www/html/humhub/protected/vendor/yiisoft/yii2/base/Component.php:209
Stack trace:
#0 /var/www/html/humhub/protected/vendor/yiisoft/yii2/BaseYii.php(546): yii\base\Component->__set('contentContaine...', Object(humhub\modules\user\models\User))
#1 /var/www/html/humhub/protected/vendor/yiisoft/yii2/base/BaseObject.php(107): yii\BaseYii::configure(Object(humhub\modules\dashboard\widgets\DashboardContent), Array)
#2 [internal function]: yii\base\BaseObject->__construct(Array)
#3 /var/www/html/humhub/protected/vendor/yiisoft/yii2/di/Container.php(383): ReflectionClass->newInstanceArgs(Array)
#4 /var/www/html/humhub/protected/vendor/yiisoft/yii2/di/Container.php(156): yii\di\Container->build('humhub\\modules\\...', Array, Array)
#5 /var/www/html/humhub/protected/vendor/yiisoft/yii2/BaseYii.php(349): yii\di\Container->get('humhub\\modules\\...', Array, Array)
#6 /var/www/html/humhub/protected/humhub/components/Widget.php(54): yii\BaseYii::createObject(Array)
#7 /var/www/html/humhub/protected/humhub/modules/dashboard/views/dashboard/index.php(18): humhub\components\Widget::widget(Array)
#8 /var/www/html/humhub/protected/vendor/yiisoft/yii2/base/View.php(336): require('/var/www/html/h...')
#9 /var/www/html/humhub/protected/vendor/yiisoft/yii2/base/View.php(254): yii\base\View->renderPhpFile('/var/www/html/h...', Array)
#10 /var/www/html/humhub/protected/vendor/yiisoft/yii2/base/View.php(156): yii\base\View->renderFile('/var/www/html/h...', Array, Object(humhub\modules\dashboard\controllers\DashboardController))
#11 /var/www/html/humhub/protected/vendor/yiisoft/yii2/base/Controller.php(384): yii\base\View->render('index', Array, Object(humhub\modules\dashboard\controllers\DashboardController))
#12 /var/www/html/humhub/protected/humhub/modules/dashboard/controllers/DashboardController.php(69): yii\base\Controller->render('index', Array)
#13 [internal function]: humhub\modules\dashboard\controllers\DashboardController->actionIndex()
#14 /var/www/html/humhub/protected/vendor/yiisoft/yii2/base/InlineAction.php(57): call_user_func_array(Array, Array)
#15 /var/www/html/humhub/protected/vendor/yiisoft/yii2/base/Controller.php(157): yii\base\InlineAction->runWithParams(Array)
#16 /var/www/html/humhub/protected/vendor/yiisoft/yii2/base/Module.php(528): yii\base\Controller->runAction('', Array)
#17 /var/www/html/humhub/protected/vendor/yiisoft/yii2/web/Application.php(103): yii\base\Module->runAction('dashboard/dashb...', Array)
#18 /var/www/html/humhub/protected/vendor/yiisoft/yii2/base/Application.php(386): yii\web\Application->handleRequest(Object(humhub\components\Request))
#19 /var/www/html/humhub/index.php(25): yii\base\Application->run()
#20 {main}
2019-04-30 21:52:41 [128.206.251.216][4][r1c575288mdonl4cm2qa711s5e][info][application] $_GET = [
    'r' => 'dashboard/dashboard'
]

$_SERVER = [
    'HTTP_HOST' => 'honestbroker.hbtestbed7.ch-geni-net.instageni.illinois.edu'
    'HTTP_CONNECTION' => 'keep-alive'
    'HTTP_CACHE_CONTROL' => 'max-age=0'
    'HTTP_UPGRADE_INSECURE_REQUESTS' => '1'
    'HTTP_USER_AGENT' => 'Mozilla/5.0 (Windows NT 10.0; Win64; x64) AppleWebKit/537.36 (KHTML, like Gecko) Chrome/74.0.3729.108 Safari/537.36'
    'HTTP_ACCEPT' => 'text/html,application/xhtml+xml,application/xml;q=0.9,image/webp,image/apng,*/*;q=0.8,application/signed-exchange;v=b3'
    'HTTP_REFERER' => 'http://honestbroker.hbtestbed7.ch-geni-net.instageni.illinois.edu/humhub/index.php?r=space%2Fmanage%2Fdefault%2Fdelete&cguid=3678f813-a667-4dba-ac7a-e785ccb3bd3d'
    'HTTP_ACCEPT_ENCODING' => 'gzip, deflate'
    'HTTP_ACCEPT_LANGUAGE' => 'en-US,en;q=0.9'
    'HTTP_COOKIE' => 'pm_getting-started-panel=expanded; pm_space-members-panel=expanded; pm_new-people-panel=expanded; pm_user-statistics-panel=expanded; PHPSESSID=r1c575288mdonl4cm2qa711s5e; _identity=cb566ca88ebab46fe760fc8cdc6a9726c58f4683c807abeb5561a34a62f6c229a%3A2%3A%7Bi%3A0%3Bs%3A9%3A%22_identity%22%3Bi%3A1%3Bs%3A50%3A%22%5B4%2C%225a0f22c2-87ac-45e2-a364-ec9669a223ff%22%2C2592000%5D%22%3B%7D; _csrf=0c7e08b9af3c19b90b392f2d85bbb9857c3dfd21cfa0e172bc0a976da428e0e3a%3A2%3A%7Bi%3A0%3Bs%3A5%3A%22_csrf%22%3Bi%3A1%3Bs%3A32%3A%22idtRB2lzOXeGK1-8pfe_jRaYsrCvfh6Y%22%3B%7D'
    'PATH' => '/usr/local/sbin:/usr/local/bin:/usr/sbin:/usr/bin:/sbin:/bin'
    'SERVER_SIGNATURE' => '<address>Apache/2.4.29 (Ubuntu) Server at honestbroker.hbtestbed7.ch-geni-net.instageni.illinois.edu Port 80</address>
'
    'SERVER_SOFTWARE' => 'Apache/2.4.29 (Ubuntu)'
    'SERVER_NAME' => 'honestbroker.hbtestbed7.ch-geni-net.instageni.illinois.edu'
    'SERVER_ADDR' => '72.36.65.71'
    'SERVER_PORT' => '80'
    'REMOTE_ADDR' => '128.206.251.216'
    'DOCUMENT_ROOT' => '/var/www/html'
    'REQUEST_SCHEME' => 'http'
    'CONTEXT_PREFIX' => ''
    'CONTEXT_DOCUMENT_ROOT' => '/var/www/html'
    'SERVER_ADMIN' => 'webmaster@localhost'
    'SCRIPT_FILENAME' => '/var/www/html/humhub/index.php'
    'REMOTE_PORT' => '6951'
    'GATEWAY_INTERFACE' => 'CGI/1.1'
    'SERVER_PROTOCOL' => 'HTTP/1.1'
    'REQUEST_METHOD' => 'GET'
    'QUERY_STRING' => 'r=dashboard%2Fdashboard'
    'REQUEST_URI' => '/humhub/index.php?r=dashboard%2Fdashboard'
    'SCRIPT_NAME' => '/humhub/index.php'
    'PHP_SELF' => '/humhub/index.php'
    'REQUEST_TIME_FLOAT' => 1556679161.814
    'REQUEST_TIME' => 1556679161
]
2019-05-01 12:00:36 [128.206.88.158][4][946q4oq73imn1adatf20qvhg49][error][yii\base\ErrorException:2] yii\base\ErrorException: The use statement with non-compound name 'Yii' has no effect in /var/www/html/humhub/protected/humhub/modules/dashboard/views/dashboard/index.php:6
Stack trace:
#0 /var/www/html/humhub/protected/vendor/yiisoft/yii2/base/View.php(336): yii\base\ErrorHandler->handleError(2, 'The use stateme...', '/var/www/html/h...', 6, Array)
#1 /var/www/html/humhub/protected/vendor/yiisoft/yii2/base/View.php(336): require()
#2 /var/www/html/humhub/protected/vendor/yiisoft/yii2/base/View.php(254): yii\base\View->renderPhpFile('/var/www/html/h...', Array)
#3 /var/www/html/humhub/protected/vendor/yiisoft/yii2/base/View.php(156): yii\base\View->renderFile('/var/www/html/h...', Array, Object(humhub\modules\dashboard\controllers\DashboardController))
#4 /var/www/html/humhub/protected/vendor/yiisoft/yii2/base/Controller.php(384): yii\base\View->render('index', Array, Object(humhub\modules\dashboard\controllers\DashboardController))
#5 /var/www/html/humhub/protected/humhub/modules/dashboard/controllers/DashboardController.php(69): yii\base\Controller->render('index', Array)
#6 [internal function]: humhub\modules\dashboard\controllers\DashboardController->actionIndex()
#7 /var/www/html/humhub/protected/vendor/yiisoft/yii2/base/InlineAction.php(57): call_user_func_array(Array, Array)
#8 /var/www/html/humhub/protected/vendor/yiisoft/yii2/base/Controller.php(157): yii\base\InlineAction->runWithParams(Array)
#9 /var/www/html/humhub/protected/vendor/yiisoft/yii2/base/Module.php(528): yii\base\Controller->runAction('', Array)
#10 /var/www/html/humhub/protected/vendor/yiisoft/yii2/web/Application.php(103): yii\base\Module->runAction('dashboard/dashb...', Array)
#11 /var/www/html/humhub/protected/vendor/yiisoft/yii2/base/Application.php(386): yii\web\Application->handleRequest(Object(humhub\components\Request))
#12 /var/www/html/humhub/index.php(25): yii\base\Application->run()
#13 {main}
2019-05-01 12:00:36 [128.206.88.158][4][946q4oq73imn1adatf20qvhg49][info][application] $_GET = [
    'r' => 'dashboard/dashboard'
]

$_SERVER = [
    'HTTP_HOST' => '72.36.65.71'
    'HTTP_CONNECTION' => 'keep-alive'
    'HTTP_CACHE_CONTROL' => 'max-age=0'
    'HTTP_UPGRADE_INSECURE_REQUESTS' => '1'
    'HTTP_USER_AGENT' => 'Mozilla/5.0 (Windows NT 10.0; Win64; x64) AppleWebKit/537.36 (KHTML, like Gecko) Chrome/74.0.3729.131 Safari/537.36'
    'HTTP_ACCEPT' => 'text/html,application/xhtml+xml,application/xml;q=0.9,image/webp,image/apng,*/*;q=0.8,application/signed-exchange;v=b3'
    'HTTP_REFERER' => 'http://72.36.65.71/humhub/index.php?r=user%2Fauth%2Flogin'
    'HTTP_ACCEPT_ENCODING' => 'gzip, deflate'
    'HTTP_ACCEPT_LANGUAGE' => 'en-US,en;q=0.9'
    'HTTP_COOKIE' => 'pm_getting-started-panel=expanded; pm_new-people-panel=expanded; pm_user-statistics-panel=expanded; PHPSESSID=946q4oq73imn1adatf20qvhg49; _identity=cb566ca88ebab46fe760fc8cdc6a9726c58f4683c807abeb5561a34a62f6c229a%3A2%3A%7Bi%3A0%3Bs%3A9%3A%22_identity%22%3Bi%3A1%3Bs%3A50%3A%22%5B4%2C%225a0f22c2-87ac-45e2-a364-ec9669a223ff%22%2C2592000%5D%22%3B%7D; _csrf=f33008594ffea1a9c309097ed9b575a9e9b2784c9b577e0c16bb7456ae5a19d9a%3A2%3A%7Bi%3A0%3Bs%3A5%3A%22_csrf%22%3Bi%3A1%3Bs%3A32%3A%22SHv-NnzG12iZdMowvafJ4zmOus9Zfkm3%22%3B%7D'
    'PATH' => '/usr/local/sbin:/usr/local/bin:/usr/sbin:/usr/bin:/sbin:/bin'
    'SERVER_SIGNATURE' => '<address>Apache/2.4.29 (Ubuntu) Server at 72.36.65.71 Port 80</address>
'
    'SERVER_SOFTWARE' => 'Apache/2.4.29 (Ubuntu)'
    'SERVER_NAME' => '72.36.65.71'
    'SERVER_ADDR' => '72.36.65.71'
    'SERVER_PORT' => '80'
    'REMOTE_ADDR' => '128.206.88.158'
    'DOCUMENT_ROOT' => '/var/www/html'
    'REQUEST_SCHEME' => 'http'
    'CONTEXT_PREFIX' => ''
    'CONTEXT_DOCUMENT_ROOT' => '/var/www/html'
    'SERVER_ADMIN' => 'webmaster@localhost'
    'SCRIPT_FILENAME' => '/var/www/html/humhub/index.php'
    'REMOTE_PORT' => '29881'
    'GATEWAY_INTERFACE' => 'CGI/1.1'
    'SERVER_PROTOCOL' => 'HTTP/1.1'
    'REQUEST_METHOD' => 'GET'
    'QUERY_STRING' => 'r=dashboard%2Fdashboard'
    'REQUEST_URI' => '/humhub/index.php?r=dashboard%2Fdashboard'
    'SCRIPT_NAME' => '/humhub/index.php'
    'PHP_SELF' => '/humhub/index.php'
    'REQUEST_TIME_FLOAT' => 1556730036.822
    'REQUEST_TIME' => 1556730036
]
2019-05-01 12:42:34 [128.206.88.158][4][946q4oq73imn1adatf20qvhg49][error][ParseError] ParseError: syntax error, unexpected 'var' (T_VAR), expecting end of file in /var/www/html/humhub/protected/humhub/modules/dashboard/views/dashboard/index.php:12
Stack trace:
#0 /var/www/html/humhub/protected/vendor/yiisoft/yii2/base/View.php(254): yii\base\View->renderPhpFile('/var/www/html/h...', Array)
#1 /var/www/html/humhub/protected/vendor/yiisoft/yii2/base/View.php(156): yii\base\View->renderFile('/var/www/html/h...', Array, Object(humhub\modules\dashboard\controllers\DashboardController))
#2 /var/www/html/humhub/protected/vendor/yiisoft/yii2/base/Controller.php(384): yii\base\View->render('index', Array, Object(humhub\modules\dashboard\controllers\DashboardController))
#3 /var/www/html/humhub/protected/humhub/modules/dashboard/controllers/DashboardController.php(69): yii\base\Controller->render('index', Array)
#4 [internal function]: humhub\modules\dashboard\controllers\DashboardController->actionIndex()
#5 /var/www/html/humhub/protected/vendor/yiisoft/yii2/base/InlineAction.php(57): call_user_func_array(Array, Array)
#6 /var/www/html/humhub/protected/vendor/yiisoft/yii2/base/Controller.php(157): yii\base\InlineAction->runWithParams(Array)
#7 /var/www/html/humhub/protected/vendor/yiisoft/yii2/base/Module.php(528): yii\base\Controller->runAction('', Array)
#8 /var/www/html/humhub/protected/vendor/yiisoft/yii2/web/Application.php(103): yii\base\Module->runAction('dashboard/dashb...', Array)
#9 /var/www/html/humhub/protected/vendor/yiisoft/yii2/base/Application.php(386): yii\web\Application->handleRequest(Object(humhub\components\Request))
#10 /var/www/html/humhub/index.php(25): yii\base\Application->run()
#11 {main}
2019-05-01 12:42:34 [128.206.88.158][4][946q4oq73imn1adatf20qvhg49][info][application] $_GET = [
    'r' => 'dashboard/dashboard'
]

$_SERVER = [
    'HTTP_HOST' => '72.36.65.71'
    'HTTP_CONNECTION' => 'keep-alive'
    'HTTP_CACHE_CONTROL' => 'max-age=0'
    'HTTP_UPGRADE_INSECURE_REQUESTS' => '1'
    'HTTP_USER_AGENT' => 'Mozilla/5.0 (Windows NT 10.0; Win64; x64) AppleWebKit/537.36 (KHTML, like Gecko) Chrome/74.0.3729.131 Safari/537.36'
    'HTTP_ACCEPT' => 'text/html,application/xhtml+xml,application/xml;q=0.9,image/webp,image/apng,*/*;q=0.8,application/signed-exchange;v=b3'
    'HTTP_REFERER' => 'http://72.36.65.71/humhub/index.php?r=user%2Fauth%2Flogin'
    'HTTP_ACCEPT_ENCODING' => 'gzip, deflate'
    'HTTP_ACCEPT_LANGUAGE' => 'en-US,en;q=0.9'
    'HTTP_COOKIE' => 'pm_getting-started-panel=expanded; pm_new-people-panel=expanded; pm_user-statistics-panel=expanded; PHPSESSID=946q4oq73imn1adatf20qvhg49; _identity=cb566ca88ebab46fe760fc8cdc6a9726c58f4683c807abeb5561a34a62f6c229a%3A2%3A%7Bi%3A0%3Bs%3A9%3A%22_identity%22%3Bi%3A1%3Bs%3A50%3A%22%5B4%2C%225a0f22c2-87ac-45e2-a364-ec9669a223ff%22%2C2592000%5D%22%3B%7D; _csrf=f33008594ffea1a9c309097ed9b575a9e9b2784c9b577e0c16bb7456ae5a19d9a%3A2%3A%7Bi%3A0%3Bs%3A5%3A%22_csrf%22%3Bi%3A1%3Bs%3A32%3A%22SHv-NnzG12iZdMowvafJ4zmOus9Zfkm3%22%3B%7D'
    'PATH' => '/usr/local/sbin:/usr/local/bin:/usr/sbin:/usr/bin:/sbin:/bin'
    'SERVER_SIGNATURE' => '<address>Apache/2.4.29 (Ubuntu) Server at 72.36.65.71 Port 80</address>
'
    'SERVER_SOFTWARE' => 'Apache/2.4.29 (Ubuntu)'
    'SERVER_NAME' => '72.36.65.71'
    'SERVER_ADDR' => '72.36.65.71'
    'SERVER_PORT' => '80'
    'REMOTE_ADDR' => '128.206.88.158'
    'DOCUMENT_ROOT' => '/var/www/html'
    'REQUEST_SCHEME' => 'http'
    'CONTEXT_PREFIX' => ''
    'CONTEXT_DOCUMENT_ROOT' => '/var/www/html'
    'SERVER_ADMIN' => 'webmaster@localhost'
    'SCRIPT_FILENAME' => '/var/www/html/humhub/index.php'
    'REMOTE_PORT' => '2537'
    'GATEWAY_INTERFACE' => 'CGI/1.1'
    'SERVER_PROTOCOL' => 'HTTP/1.1'
    'REQUEST_METHOD' => 'GET'
    'QUERY_STRING' => 'r=dashboard%2Fdashboard'
    'REQUEST_URI' => '/humhub/index.php?r=dashboard%2Fdashboard'
    'SCRIPT_NAME' => '/humhub/index.php'
    'PHP_SELF' => '/humhub/index.php'
    'REQUEST_TIME_FLOAT' => 1556732554.266
    'REQUEST_TIME' => 1556732554
]
2019-05-01 12:46:59 [128.206.88.158][4][946q4oq73imn1adatf20qvhg49][error][yii\base\UnknownPropertyException] yii\base\UnknownPropertyException: Getting unknown property: humhub\modules\user\components\User::isAdmin in /var/www/html/humhub/protected/vendor/yiisoft/yii2/base/Component.php:154
Stack trace:
#0 /var/www/html/humhub/protected/humhub/modules/dashboard/controllers/DashboardController.php(66): yii\base\Component->__get('isAdmin')
#1 [internal function]: humhub\modules\dashboard\controllers\DashboardController->actionIndex()
#2 /var/www/html/humhub/protected/vendor/yiisoft/yii2/base/InlineAction.php(57): call_user_func_array(Array, Array)
#3 /var/www/html/humhub/protected/vendor/yiisoft/yii2/base/Controller.php(157): yii\base\InlineAction->runWithParams(Array)
#4 /var/www/html/humhub/protected/vendor/yiisoft/yii2/base/Module.php(528): yii\base\Controller->runAction('', Array)
#5 /var/www/html/humhub/protected/vendor/yiisoft/yii2/web/Application.php(103): yii\base\Module->runAction('dashboard/dashb...', Array)
#6 /var/www/html/humhub/protected/vendor/yiisoft/yii2/base/Application.php(386): yii\web\Application->handleRequest(Object(humhub\components\Request))
#7 /var/www/html/humhub/index.php(25): yii\base\Application->run()
#8 {main}
2019-05-01 12:46:59 [128.206.88.158][4][946q4oq73imn1adatf20qvhg49][info][application] $_GET = [
    'r' => 'dashboard/dashboard'
]

$_SERVER = [
    'HTTP_HOST' => '72.36.65.71'
    'HTTP_CONNECTION' => 'keep-alive'
    'HTTP_CACHE_CONTROL' => 'max-age=0'
    'HTTP_UPGRADE_INSECURE_REQUESTS' => '1'
    'HTTP_USER_AGENT' => 'Mozilla/5.0 (Windows NT 10.0; Win64; x64) AppleWebKit/537.36 (KHTML, like Gecko) Chrome/74.0.3729.131 Safari/537.36'
    'HTTP_ACCEPT' => 'text/html,application/xhtml+xml,application/xml;q=0.9,image/webp,image/apng,*/*;q=0.8,application/signed-exchange;v=b3'
    'HTTP_REFERER' => 'http://72.36.65.71/humhub/index.php?r=user%2Fauth%2Flogin'
    'HTTP_ACCEPT_ENCODING' => 'gzip, deflate'
    'HTTP_ACCEPT_LANGUAGE' => 'en-US,en;q=0.9'
    'HTTP_COOKIE' => 'pm_getting-started-panel=expanded; pm_new-people-panel=expanded; pm_user-statistics-panel=expanded; PHPSESSID=946q4oq73imn1adatf20qvhg49; _identity=cb566ca88ebab46fe760fc8cdc6a9726c58f4683c807abeb5561a34a62f6c229a%3A2%3A%7Bi%3A0%3Bs%3A9%3A%22_identity%22%3Bi%3A1%3Bs%3A50%3A%22%5B4%2C%225a0f22c2-87ac-45e2-a364-ec9669a223ff%22%2C2592000%5D%22%3B%7D; _csrf=f33008594ffea1a9c309097ed9b575a9e9b2784c9b577e0c16bb7456ae5a19d9a%3A2%3A%7Bi%3A0%3Bs%3A5%3A%22_csrf%22%3Bi%3A1%3Bs%3A32%3A%22SHv-NnzG12iZdMowvafJ4zmOus9Zfkm3%22%3B%7D'
    'PATH' => '/usr/local/sbin:/usr/local/bin:/usr/sbin:/usr/bin:/sbin:/bin'
    'SERVER_SIGNATURE' => '<address>Apache/2.4.29 (Ubuntu) Server at 72.36.65.71 Port 80</address>
'
    'SERVER_SOFTWARE' => 'Apache/2.4.29 (Ubuntu)'
    'SERVER_NAME' => '72.36.65.71'
    'SERVER_ADDR' => '72.36.65.71'
    'SERVER_PORT' => '80'
    'REMOTE_ADDR' => '128.206.88.158'
    'DOCUMENT_ROOT' => '/var/www/html'
    'REQUEST_SCHEME' => 'http'
    'CONTEXT_PREFIX' => ''
    'CONTEXT_DOCUMENT_ROOT' => '/var/www/html'
    'SERVER_ADMIN' => 'webmaster@localhost'
    'SCRIPT_FILENAME' => '/var/www/html/humhub/index.php'
    'REMOTE_PORT' => '2857'
    'GATEWAY_INTERFACE' => 'CGI/1.1'
    'SERVER_PROTOCOL' => 'HTTP/1.1'
    'REQUEST_METHOD' => 'GET'
    'QUERY_STRING' => 'r=dashboard%2Fdashboard'
    'REQUEST_URI' => '/humhub/index.php?r=dashboard%2Fdashboard'
    'SCRIPT_NAME' => '/humhub/index.php'
    'PHP_SELF' => '/humhub/index.php'
    'REQUEST_TIME_FLOAT' => 1556732819.366
    'REQUEST_TIME' => 1556732819
]
2019-05-01 12:47:38 [128.206.88.158][4][946q4oq73imn1adatf20qvhg49][error][yii\base\ErrorException:8] yii\base\ErrorException: Undefined variable: is_admin in /var/www/html/humhub/protected/humhub/modules/dashboard/views/dashboard/index_admin.php:140
Stack trace:
#0 /var/www/html/humhub/protected/humhub/modules/dashboard/views/dashboard/index_admin.php(140): yii\base\ErrorHandler->handleError(8, 'Undefined varia...', '/var/www/html/h...', 140, Array)
#1 /var/www/html/humhub/protected/vendor/yiisoft/yii2/base/View.php(336): require('/var/www/html/h...')
#2 /var/www/html/humhub/protected/vendor/yiisoft/yii2/base/View.php(254): yii\base\View->renderPhpFile('/var/www/html/h...', Array)
#3 /var/www/html/humhub/protected/vendor/yiisoft/yii2/base/View.php(156): yii\base\View->renderFile('/var/www/html/h...', Array, Object(humhub\modules\dashboard\controllers\DashboardController))
#4 /var/www/html/humhub/protected/vendor/yiisoft/yii2/base/Controller.php(384): yii\base\View->render('index_admin', Array, Object(humhub\modules\dashboard\controllers\DashboardController))
#5 /var/www/html/humhub/protected/humhub/modules/dashboard/controllers/DashboardController.php(69): yii\base\Controller->render('index_admin', Array)
#6 [internal function]: humhub\modules\dashboard\controllers\DashboardController->actionIndex()
#7 /var/www/html/humhub/protected/vendor/yiisoft/yii2/base/InlineAction.php(57): call_user_func_array(Array, Array)
#8 /var/www/html/humhub/protected/vendor/yiisoft/yii2/base/Controller.php(157): yii\base\InlineAction->runWithParams(Array)
#9 /var/www/html/humhub/protected/vendor/yiisoft/yii2/base/Module.php(528): yii\base\Controller->runAction('', Array)
#10 /var/www/html/humhub/protected/vendor/yiisoft/yii2/web/Application.php(103): yii\base\Module->runAction('dashboard/dashb...', Array)
#11 /var/www/html/humhub/protected/vendor/yiisoft/yii2/base/Application.php(386): yii\web\Application->handleRequest(Object(humhub\components\Request))
#12 /var/www/html/humhub/index.php(25): yii\base\Application->run()
#13 {main}
2019-05-01 12:47:38 [128.206.88.158][4][946q4oq73imn1adatf20qvhg49][info][application] $_GET = [
    'r' => 'dashboard/dashboard'
]

$_SERVER = [
    'HTTP_HOST' => '72.36.65.71'
    'HTTP_CONNECTION' => 'keep-alive'
    'HTTP_CACHE_CONTROL' => 'max-age=0'
    'HTTP_UPGRADE_INSECURE_REQUESTS' => '1'
    'HTTP_USER_AGENT' => 'Mozilla/5.0 (Windows NT 10.0; Win64; x64) AppleWebKit/537.36 (KHTML, like Gecko) Chrome/74.0.3729.131 Safari/537.36'
    'HTTP_ACCEPT' => 'text/html,application/xhtml+xml,application/xml;q=0.9,image/webp,image/apng,*/*;q=0.8,application/signed-exchange;v=b3'
    'HTTP_REFERER' => 'http://72.36.65.71/humhub/index.php?r=user%2Fauth%2Flogin'
    'HTTP_ACCEPT_ENCODING' => 'gzip, deflate'
    'HTTP_ACCEPT_LANGUAGE' => 'en-US,en;q=0.9'
    'HTTP_COOKIE' => 'pm_getting-started-panel=expanded; pm_new-people-panel=expanded; pm_user-statistics-panel=expanded; PHPSESSID=946q4oq73imn1adatf20qvhg49; _identity=cb566ca88ebab46fe760fc8cdc6a9726c58f4683c807abeb5561a34a62f6c229a%3A2%3A%7Bi%3A0%3Bs%3A9%3A%22_identity%22%3Bi%3A1%3Bs%3A50%3A%22%5B4%2C%225a0f22c2-87ac-45e2-a364-ec9669a223ff%22%2C2592000%5D%22%3B%7D; _csrf=f33008594ffea1a9c309097ed9b575a9e9b2784c9b577e0c16bb7456ae5a19d9a%3A2%3A%7Bi%3A0%3Bs%3A5%3A%22_csrf%22%3Bi%3A1%3Bs%3A32%3A%22SHv-NnzG12iZdMowvafJ4zmOus9Zfkm3%22%3B%7D'
    'PATH' => '/usr/local/sbin:/usr/local/bin:/usr/sbin:/usr/bin:/sbin:/bin'
    'SERVER_SIGNATURE' => '<address>Apache/2.4.29 (Ubuntu) Server at 72.36.65.71 Port 80</address>
'
    'SERVER_SOFTWARE' => 'Apache/2.4.29 (Ubuntu)'
    'SERVER_NAME' => '72.36.65.71'
    'SERVER_ADDR' => '72.36.65.71'
    'SERVER_PORT' => '80'
    'REMOTE_ADDR' => '128.206.88.158'
    'DOCUMENT_ROOT' => '/var/www/html'
    'REQUEST_SCHEME' => 'http'
    'CONTEXT_PREFIX' => ''
    'CONTEXT_DOCUMENT_ROOT' => '/var/www/html'
    'SERVER_ADMIN' => 'webmaster@localhost'
    'SCRIPT_FILENAME' => '/var/www/html/humhub/index.php'
    'REMOTE_PORT' => '2892'
    'GATEWAY_INTERFACE' => 'CGI/1.1'
    'SERVER_PROTOCOL' => 'HTTP/1.1'
    'REQUEST_METHOD' => 'GET'
    'QUERY_STRING' => 'r=dashboard%2Fdashboard'
    'REQUEST_URI' => '/humhub/index.php?r=dashboard%2Fdashboard'
    'SCRIPT_NAME' => '/humhub/index.php'
    'PHP_SELF' => '/humhub/index.php'
    'REQUEST_TIME_FLOAT' => 1556732858.23
    'REQUEST_TIME' => 1556732858
]
2019-05-01 12:47:57 [128.206.88.158][4][946q4oq73imn1adatf20qvhg49][error][yii\base\ErrorException:2] yii\base\ErrorException: The use statement with non-compound name 'Yii' has no effect in /var/www/html/humhub/protected/humhub/modules/dashboard/views/dashboard/index_admin.php:6
Stack trace:
#0 /var/www/html/humhub/protected/vendor/yiisoft/yii2/base/View.php(336): yii\base\ErrorHandler->handleError(2, 'The use stateme...', '/var/www/html/h...', 6, Array)
#1 /var/www/html/humhub/protected/vendor/yiisoft/yii2/base/View.php(336): require()
#2 /var/www/html/humhub/protected/vendor/yiisoft/yii2/base/View.php(254): yii\base\View->renderPhpFile('/var/www/html/h...', Array)
#3 /var/www/html/humhub/protected/vendor/yiisoft/yii2/base/View.php(156): yii\base\View->renderFile('/var/www/html/h...', Array, Object(humhub\modules\dashboard\controllers\DashboardController))
#4 /var/www/html/humhub/protected/vendor/yiisoft/yii2/base/Controller.php(384): yii\base\View->render('index_admin', Array, Object(humhub\modules\dashboard\controllers\DashboardController))
#5 /var/www/html/humhub/protected/humhub/modules/dashboard/controllers/DashboardController.php(69): yii\base\Controller->render('index_admin', Array)
#6 [internal function]: humhub\modules\dashboard\controllers\DashboardController->actionIndex()
#7 /var/www/html/humhub/protected/vendor/yiisoft/yii2/base/InlineAction.php(57): call_user_func_array(Array, Array)
#8 /var/www/html/humhub/protected/vendor/yiisoft/yii2/base/Controller.php(157): yii\base\InlineAction->runWithParams(Array)
#9 /var/www/html/humhub/protected/vendor/yiisoft/yii2/base/Module.php(528): yii\base\Controller->runAction('', Array)
#10 /var/www/html/humhub/protected/vendor/yiisoft/yii2/web/Application.php(103): yii\base\Module->runAction('dashboard/dashb...', Array)
#11 /var/www/html/humhub/protected/vendor/yiisoft/yii2/base/Application.php(386): yii\web\Application->handleRequest(Object(humhub\components\Request))
#12 /var/www/html/humhub/index.php(25): yii\base\Application->run()
#13 {main}
2019-05-01 12:47:57 [128.206.88.158][4][946q4oq73imn1adatf20qvhg49][info][application] $_GET = [
    'r' => 'dashboard/dashboard'
]

$_SERVER = [
    'HTTP_HOST' => '72.36.65.71'
    'HTTP_CONNECTION' => 'keep-alive'
    'HTTP_CACHE_CONTROL' => 'max-age=0'
    'HTTP_UPGRADE_INSECURE_REQUESTS' => '1'
    'HTTP_USER_AGENT' => 'Mozilla/5.0 (Windows NT 10.0; Win64; x64) AppleWebKit/537.36 (KHTML, like Gecko) Chrome/74.0.3729.131 Safari/537.36'
    'HTTP_ACCEPT' => 'text/html,application/xhtml+xml,application/xml;q=0.9,image/webp,image/apng,*/*;q=0.8,application/signed-exchange;v=b3'
    'HTTP_REFERER' => 'http://72.36.65.71/humhub/index.php?r=user%2Fauth%2Flogin'
    'HTTP_ACCEPT_ENCODING' => 'gzip, deflate'
    'HTTP_ACCEPT_LANGUAGE' => 'en-US,en;q=0.9'
    'HTTP_COOKIE' => 'pm_getting-started-panel=expanded; pm_new-people-panel=expanded; pm_user-statistics-panel=expanded; PHPSESSID=946q4oq73imn1adatf20qvhg49; _identity=cb566ca88ebab46fe760fc8cdc6a9726c58f4683c807abeb5561a34a62f6c229a%3A2%3A%7Bi%3A0%3Bs%3A9%3A%22_identity%22%3Bi%3A1%3Bs%3A50%3A%22%5B4%2C%225a0f22c2-87ac-45e2-a364-ec9669a223ff%22%2C2592000%5D%22%3B%7D; _csrf=f33008594ffea1a9c309097ed9b575a9e9b2784c9b577e0c16bb7456ae5a19d9a%3A2%3A%7Bi%3A0%3Bs%3A5%3A%22_csrf%22%3Bi%3A1%3Bs%3A32%3A%22SHv-NnzG12iZdMowvafJ4zmOus9Zfkm3%22%3B%7D'
    'PATH' => '/usr/local/sbin:/usr/local/bin:/usr/sbin:/usr/bin:/sbin:/bin'
    'SERVER_SIGNATURE' => '<address>Apache/2.4.29 (Ubuntu) Server at 72.36.65.71 Port 80</address>
'
    'SERVER_SOFTWARE' => 'Apache/2.4.29 (Ubuntu)'
    'SERVER_NAME' => '72.36.65.71'
    'SERVER_ADDR' => '72.36.65.71'
    'SERVER_PORT' => '80'
    'REMOTE_ADDR' => '128.206.88.158'
    'DOCUMENT_ROOT' => '/var/www/html'
    'REQUEST_SCHEME' => 'http'
    'CONTEXT_PREFIX' => ''
    'CONTEXT_DOCUMENT_ROOT' => '/var/www/html'
    'SERVER_ADMIN' => 'webmaster@localhost'
    'SCRIPT_FILENAME' => '/var/www/html/humhub/index.php'
    'REMOTE_PORT' => '2911'
    'GATEWAY_INTERFACE' => 'CGI/1.1'
    'SERVER_PROTOCOL' => 'HTTP/1.1'
    'REQUEST_METHOD' => 'GET'
    'QUERY_STRING' => 'r=dashboard%2Fdashboard'
    'REQUEST_URI' => '/humhub/index.php?r=dashboard%2Fdashboard'
    'SCRIPT_NAME' => '/humhub/index.php'
    'PHP_SELF' => '/humhub/index.php'
    'REQUEST_TIME_FLOAT' => 1556732877.478
    'REQUEST_TIME' => 1556732877
]
2019-05-01 16:57:16 [128.206.251.191][5][omvjtvg16hi0hm2hdvk2fdqg5f][error][yii\base\UnknownPropertyException] yii\base\UnknownPropertyException: Getting unknown property: humhub\modules\ui\view\components\View::user_id in /var/www/html/humhub/protected/vendor/yiisoft/yii2/base/Component.php:154
Stack trace:
#0 /var/www/html/humhub/protected/humhub/modules/dashboard/views/dashboard/index.php(232): yii\base\Component->__get('user_id')
#1 /var/www/html/humhub/protected/vendor/yiisoft/yii2/base/View.php(336): require('/var/www/html/h...')
#2 /var/www/html/humhub/protected/vendor/yiisoft/yii2/base/View.php(254): yii\base\View->renderPhpFile('/var/www/html/h...', Array)
#3 /var/www/html/humhub/protected/vendor/yiisoft/yii2/base/View.php(156): yii\base\View->renderFile('/var/www/html/h...', Array, Object(humhub\modules\dashboard\controllers\DashboardController))
#4 /var/www/html/humhub/protected/vendor/yiisoft/yii2/base/Controller.php(384): yii\base\View->render('index', Array, Object(humhub\modules\dashboard\controllers\DashboardController))
#5 /var/www/html/humhub/protected/humhub/modules/dashboard/controllers/DashboardController.php(77): yii\base\Controller->render('index', Array)
#6 [internal function]: humhub\modules\dashboard\controllers\DashboardController->actionIndex()
#7 /var/www/html/humhub/protected/vendor/yiisoft/yii2/base/InlineAction.php(57): call_user_func_array(Array, Array)
#8 /var/www/html/humhub/protected/vendor/yiisoft/yii2/base/Controller.php(157): yii\base\InlineAction->runWithParams(Array)
#9 /var/www/html/humhub/protected/vendor/yiisoft/yii2/base/Module.php(528): yii\base\Controller->runAction('', Array)
#10 /var/www/html/humhub/protected/vendor/yiisoft/yii2/web/Application.php(103): yii\base\Module->runAction('dashboard/dashb...', Array)
#11 /var/www/html/humhub/protected/vendor/yiisoft/yii2/base/Application.php(386): yii\web\Application->handleRequest(Object(humhub\components\Request))
#12 /var/www/html/humhub/index.php(25): yii\base\Application->run()
#13 {main}
2019-05-01 16:57:16 [128.206.251.191][5][omvjtvg16hi0hm2hdvk2fdqg5f][info][application] $_GET = [
    'r' => 'dashboard/dashboard'
]

$_SERVER = [
    'HTTP_HOST' => 'pinocho.tk'
    'HTTP_CONNECTION' => 'keep-alive'
    'HTTP_CACHE_CONTROL' => 'max-age=0'
    'HTTP_UPGRADE_INSECURE_REQUESTS' => '1'
    'HTTP_USER_AGENT' => 'Mozilla/5.0 (Windows NT 10.0; Win64; x64) AppleWebKit/537.36 (KHTML, like Gecko) Chrome/74.0.3729.131 Safari/537.36'
    'HTTP_ACCEPT' => 'text/html,application/xhtml+xml,application/xml;q=0.9,image/webp,image/apng,*/*;q=0.8,application/signed-exchange;v=b3'
    'HTTP_REFERER' => 'http://pinocho.tk/humhub/index.php?r=user%2Fauth%2Flogin'
    'HTTP_ACCEPT_ENCODING' => 'gzip, deflate'
    'HTTP_ACCEPT_LANGUAGE' => 'en-US,en;q=0.9'
    'HTTP_COOKIE' => 'pm_getting-started-panel=expanded; PHPSESSID=omvjtvg16hi0hm2hdvk2fdqg5f; _identity=6fb9ad1e1820be421479592e1cdff5b7a17c994ea372c106e41543a1e1431f6da%3A2%3A%7Bi%3A0%3Bs%3A9%3A%22_identity%22%3Bi%3A1%3Bs%3A50%3A%22%5B5%2C%22ea5a040c-5481-4007-bc57-f600ebc4f173%22%2C2592000%5D%22%3B%7D; _csrf=8244156c9207cf7025222caf34fb8ddf651ab80deb5ec136fc695c7f230926bea%3A2%3A%7Bi%3A0%3Bs%3A5%3A%22_csrf%22%3Bi%3A1%3Bs%3A32%3A%2264KSPjdwG9LSV8WakeDPlw49tccij-XW%22%3B%7D'
    'PATH' => '/usr/local/sbin:/usr/local/bin:/usr/sbin:/usr/bin:/sbin:/bin'
    'SERVER_SIGNATURE' => '<address>Apache/2.4.29 (Ubuntu) Server at pinocho.tk Port 80</address>
'
    'SERVER_SOFTWARE' => 'Apache/2.4.29 (Ubuntu)'
    'SERVER_NAME' => 'pinocho.tk'
    'SERVER_ADDR' => '72.36.65.71'
    'SERVER_PORT' => '80'
    'REMOTE_ADDR' => '128.206.251.191'
    'DOCUMENT_ROOT' => '/var/www/html'
    'REQUEST_SCHEME' => 'http'
    'CONTEXT_PREFIX' => ''
    'CONTEXT_DOCUMENT_ROOT' => '/var/www/html'
    'SERVER_ADMIN' => 'webmaster@localhost'
    'SCRIPT_FILENAME' => '/var/www/html/humhub/index.php'
    'REMOTE_PORT' => '58710'
    'GATEWAY_INTERFACE' => 'CGI/1.1'
    'SERVER_PROTOCOL' => 'HTTP/1.1'
    'REQUEST_METHOD' => 'GET'
    'QUERY_STRING' => 'r=dashboard%2Fdashboard'
    'REQUEST_URI' => '/humhub/index.php?r=dashboard%2Fdashboard'
    'SCRIPT_NAME' => '/humhub/index.php'
    'PHP_SELF' => '/humhub/index.php'
    'REQUEST_TIME_FLOAT' => 1556747836.468
    'REQUEST_TIME' => 1556747836
]
2019-05-01 16:59:43 [128.206.251.191][5][omvjtvg16hi0hm2hdvk2fdqg5f][error][yii\base\UnknownPropertyException] yii\base\UnknownPropertyException: Getting unknown property: humhub\modules\ui\view\components\View::user_id in /var/www/html/humhub/protected/vendor/yiisoft/yii2/base/Component.php:154
Stack trace:
#0 /var/www/html/humhub/protected/humhub/modules/dashboard/views/dashboard/index.php(232): yii\base\Component->__get('user_id')
#1 /var/www/html/humhub/protected/vendor/yiisoft/yii2/base/View.php(336): require('/var/www/html/h...')
#2 /var/www/html/humhub/protected/vendor/yiisoft/yii2/base/View.php(254): yii\base\View->renderPhpFile('/var/www/html/h...', Array)
#3 /var/www/html/humhub/protected/vendor/yiisoft/yii2/base/View.php(156): yii\base\View->renderFile('/var/www/html/h...', Array, Object(humhub\modules\dashboard\controllers\DashboardController))
#4 /var/www/html/humhub/protected/vendor/yiisoft/yii2/base/Controller.php(384): yii\base\View->render('index', Array, Object(humhub\modules\dashboard\controllers\DashboardController))
#5 /var/www/html/humhub/protected/humhub/modules/dashboard/controllers/DashboardController.php(75): yii\base\Controller->render('index', Array)
#6 [internal function]: humhub\modules\dashboard\controllers\DashboardController->actionIndex()
#7 /var/www/html/humhub/protected/vendor/yiisoft/yii2/base/InlineAction.php(57): call_user_func_array(Array, Array)
#8 /var/www/html/humhub/protected/vendor/yiisoft/yii2/base/Controller.php(157): yii\base\InlineAction->runWithParams(Array)
#9 /var/www/html/humhub/protected/vendor/yiisoft/yii2/base/Module.php(528): yii\base\Controller->runAction('', Array)
#10 /var/www/html/humhub/protected/vendor/yiisoft/yii2/web/Application.php(103): yii\base\Module->runAction('dashboard/dashb...', Array)
#11 /var/www/html/humhub/protected/vendor/yiisoft/yii2/base/Application.php(386): yii\web\Application->handleRequest(Object(humhub\components\Request))
#12 /var/www/html/humhub/index.php(25): yii\base\Application->run()
#13 {main}
2019-05-01 16:59:43 [128.206.251.191][5][omvjtvg16hi0hm2hdvk2fdqg5f][info][application] $_GET = [
    'r' => 'dashboard/dashboard'
]

$_SERVER = [
    'HTTP_HOST' => 'pinocho.tk'
    'HTTP_CONNECTION' => 'keep-alive'
    'HTTP_CACHE_CONTROL' => 'max-age=0'
    'HTTP_UPGRADE_INSECURE_REQUESTS' => '1'
    'HTTP_USER_AGENT' => 'Mozilla/5.0 (Windows NT 10.0; Win64; x64) AppleWebKit/537.36 (KHTML, like Gecko) Chrome/74.0.3729.131 Safari/537.36'
    'HTTP_ACCEPT' => 'text/html,application/xhtml+xml,application/xml;q=0.9,image/webp,image/apng,*/*;q=0.8,application/signed-exchange;v=b3'
    'HTTP_REFERER' => 'http://pinocho.tk/humhub/index.php?r=user%2Fauth%2Flogin'
    'HTTP_ACCEPT_ENCODING' => 'gzip, deflate'
    'HTTP_ACCEPT_LANGUAGE' => 'en-US,en;q=0.9'
    'HTTP_COOKIE' => 'pm_getting-started-panel=expanded; PHPSESSID=omvjtvg16hi0hm2hdvk2fdqg5f; _identity=6fb9ad1e1820be421479592e1cdff5b7a17c994ea372c106e41543a1e1431f6da%3A2%3A%7Bi%3A0%3Bs%3A9%3A%22_identity%22%3Bi%3A1%3Bs%3A50%3A%22%5B5%2C%22ea5a040c-5481-4007-bc57-f600ebc4f173%22%2C2592000%5D%22%3B%7D; _csrf=8244156c9207cf7025222caf34fb8ddf651ab80deb5ec136fc695c7f230926bea%3A2%3A%7Bi%3A0%3Bs%3A5%3A%22_csrf%22%3Bi%3A1%3Bs%3A32%3A%2264KSPjdwG9LSV8WakeDPlw49tccij-XW%22%3B%7D'
    'PATH' => '/usr/local/sbin:/usr/local/bin:/usr/sbin:/usr/bin:/sbin:/bin'
    'SERVER_SIGNATURE' => '<address>Apache/2.4.29 (Ubuntu) Server at pinocho.tk Port 80</address>
'
    'SERVER_SOFTWARE' => 'Apache/2.4.29 (Ubuntu)'
    'SERVER_NAME' => 'pinocho.tk'
    'SERVER_ADDR' => '72.36.65.71'
    'SERVER_PORT' => '80'
    'REMOTE_ADDR' => '128.206.251.191'
    'DOCUMENT_ROOT' => '/var/www/html'
    'REQUEST_SCHEME' => 'http'
    'CONTEXT_PREFIX' => ''
    'CONTEXT_DOCUMENT_ROOT' => '/var/www/html'
    'SERVER_ADMIN' => 'webmaster@localhost'
    'SCRIPT_FILENAME' => '/var/www/html/humhub/index.php'
    'REMOTE_PORT' => '8155'
    'GATEWAY_INTERFACE' => 'CGI/1.1'
    'SERVER_PROTOCOL' => 'HTTP/1.1'
    'REQUEST_METHOD' => 'GET'
    'QUERY_STRING' => 'r=dashboard%2Fdashboard'
    'REQUEST_URI' => '/humhub/index.php?r=dashboard%2Fdashboard'
    'SCRIPT_NAME' => '/humhub/index.php'
    'PHP_SELF' => '/humhub/index.php'
    'REQUEST_TIME_FLOAT' => 1556747983.755
    'REQUEST_TIME' => 1556747983
]
2019-05-01 17:00:56 [128.206.251.191][5][omvjtvg16hi0hm2hdvk2fdqg5f][error][yii\base\UnknownPropertyException] yii\base\UnknownPropertyException: Getting unknown property: humhub\modules\ui\view\components\View::user_id in /var/www/html/humhub/protected/vendor/yiisoft/yii2/base/Component.php:154
Stack trace:
#0 /var/www/html/humhub/protected/humhub/modules/dashboard/views/dashboard/index.php(232): yii\base\Component->__get('user_id')
#1 /var/www/html/humhub/protected/vendor/yiisoft/yii2/base/View.php(336): require('/var/www/html/h...')
#2 /var/www/html/humhub/protected/vendor/yiisoft/yii2/base/View.php(254): yii\base\View->renderPhpFile('/var/www/html/h...', Array)
#3 /var/www/html/humhub/protected/vendor/yiisoft/yii2/base/View.php(156): yii\base\View->renderFile('/var/www/html/h...', Array, Object(humhub\modules\dashboard\controllers\DashboardController))
#4 /var/www/html/humhub/protected/vendor/yiisoft/yii2/base/Controller.php(384): yii\base\View->render('index', Array, Object(humhub\modules\dashboard\controllers\DashboardController))
#5 /var/www/html/humhub/protected/humhub/modules/dashboard/controllers/DashboardController.php(75): yii\base\Controller->render('index', Array)
#6 [internal function]: humhub\modules\dashboard\controllers\DashboardController->actionIndex()
#7 /var/www/html/humhub/protected/vendor/yiisoft/yii2/base/InlineAction.php(57): call_user_func_array(Array, Array)
#8 /var/www/html/humhub/protected/vendor/yiisoft/yii2/base/Controller.php(157): yii\base\InlineAction->runWithParams(Array)
#9 /var/www/html/humhub/protected/vendor/yiisoft/yii2/base/Module.php(528): yii\base\Controller->runAction('', Array)
#10 /var/www/html/humhub/protected/vendor/yiisoft/yii2/web/Application.php(103): yii\base\Module->runAction('dashboard/dashb...', Array)
#11 /var/www/html/humhub/protected/vendor/yiisoft/yii2/base/Application.php(386): yii\web\Application->handleRequest(Object(humhub\components\Request))
#12 /var/www/html/humhub/index.php(25): yii\base\Application->run()
#13 {main}
2019-05-01 17:00:56 [128.206.251.191][5][omvjtvg16hi0hm2hdvk2fdqg5f][info][application] $_GET = [
    'r' => 'dashboard/dashboard'
]

$_SERVER = [
    'HTTP_HOST' => 'pinocho.tk'
    'HTTP_CONNECTION' => 'keep-alive'
    'HTTP_CACHE_CONTROL' => 'max-age=0'
    'HTTP_UPGRADE_INSECURE_REQUESTS' => '1'
    'HTTP_USER_AGENT' => 'Mozilla/5.0 (Windows NT 10.0; Win64; x64) AppleWebKit/537.36 (KHTML, like Gecko) Chrome/74.0.3729.131 Safari/537.36'
    'HTTP_ACCEPT' => 'text/html,application/xhtml+xml,application/xml;q=0.9,image/webp,image/apng,*/*;q=0.8,application/signed-exchange;v=b3'
    'HTTP_REFERER' => 'http://pinocho.tk/humhub/index.php?r=user%2Fauth%2Flogin'
    'HTTP_ACCEPT_ENCODING' => 'gzip, deflate'
    'HTTP_ACCEPT_LANGUAGE' => 'en-US,en;q=0.9'
    'HTTP_COOKIE' => 'pm_getting-started-panel=expanded; PHPSESSID=omvjtvg16hi0hm2hdvk2fdqg5f; _identity=6fb9ad1e1820be421479592e1cdff5b7a17c994ea372c106e41543a1e1431f6da%3A2%3A%7Bi%3A0%3Bs%3A9%3A%22_identity%22%3Bi%3A1%3Bs%3A50%3A%22%5B5%2C%22ea5a040c-5481-4007-bc57-f600ebc4f173%22%2C2592000%5D%22%3B%7D; _csrf=8244156c9207cf7025222caf34fb8ddf651ab80deb5ec136fc695c7f230926bea%3A2%3A%7Bi%3A0%3Bs%3A5%3A%22_csrf%22%3Bi%3A1%3Bs%3A32%3A%2264KSPjdwG9LSV8WakeDPlw49tccij-XW%22%3B%7D'
    'PATH' => '/usr/local/sbin:/usr/local/bin:/usr/sbin:/usr/bin:/sbin:/bin'
    'SERVER_SIGNATURE' => '<address>Apache/2.4.29 (Ubuntu) Server at pinocho.tk Port 80</address>
'
    'SERVER_SOFTWARE' => 'Apache/2.4.29 (Ubuntu)'
    'SERVER_NAME' => 'pinocho.tk'
    'SERVER_ADDR' => '72.36.65.71'
    'SERVER_PORT' => '80'
    'REMOTE_ADDR' => '128.206.251.191'
    'DOCUMENT_ROOT' => '/var/www/html'
    'REQUEST_SCHEME' => 'http'
    'CONTEXT_PREFIX' => ''
    'CONTEXT_DOCUMENT_ROOT' => '/var/www/html'
    'SERVER_ADMIN' => 'webmaster@localhost'
    'SCRIPT_FILENAME' => '/var/www/html/humhub/index.php'
    'REMOTE_PORT' => '42481'
    'GATEWAY_INTERFACE' => 'CGI/1.1'
    'SERVER_PROTOCOL' => 'HTTP/1.1'
    'REQUEST_METHOD' => 'GET'
    'QUERY_STRING' => 'r=dashboard%2Fdashboard'
    'REQUEST_URI' => '/humhub/index.php?r=dashboard%2Fdashboard'
    'SCRIPT_NAME' => '/humhub/index.php'
    'PHP_SELF' => '/humhub/index.php'
    'REQUEST_TIME_FLOAT' => 1556748056.776
    'REQUEST_TIME' => 1556748056
]
2019-05-01 17:02:00 [128.206.251.191][5][omvjtvg16hi0hm2hdvk2fdqg5f][error][yii\base\ErrorException:8] yii\base\ErrorException: Undefined variable: user_id in /var/www/html/humhub/protected/humhub/modules/dashboard/views/dashboard/index.php:232
Stack trace:
#0 /var/www/html/humhub/protected/humhub/modules/dashboard/views/dashboard/index.php(232): yii\base\ErrorHandler->handleError(8, 'Undefined varia...', '/var/www/html/h...', 232, Array)
#1 /var/www/html/humhub/protected/vendor/yiisoft/yii2/base/View.php(336): require('/var/www/html/h...')
#2 /var/www/html/humhub/protected/vendor/yiisoft/yii2/base/View.php(254): yii\base\View->renderPhpFile('/var/www/html/h...', Array)
#3 /var/www/html/humhub/protected/vendor/yiisoft/yii2/base/View.php(156): yii\base\View->renderFile('/var/www/html/h...', Array, Object(humhub\modules\dashboard\controllers\DashboardController))
#4 /var/www/html/humhub/protected/vendor/yiisoft/yii2/base/Controller.php(384): yii\base\View->render('index', Array, Object(humhub\modules\dashboard\controllers\DashboardController))
#5 /var/www/html/humhub/protected/humhub/modules/dashboard/controllers/DashboardController.php(75): yii\base\Controller->render('index', Array)
#6 [internal function]: humhub\modules\dashboard\controllers\DashboardController->actionIndex()
#7 /var/www/html/humhub/protected/vendor/yiisoft/yii2/base/InlineAction.php(57): call_user_func_array(Array, Array)
#8 /var/www/html/humhub/protected/vendor/yiisoft/yii2/base/Controller.php(157): yii\base\InlineAction->runWithParams(Array)
#9 /var/www/html/humhub/protected/vendor/yiisoft/yii2/base/Module.php(528): yii\base\Controller->runAction('', Array)
#10 /var/www/html/humhub/protected/vendor/yiisoft/yii2/web/Application.php(103): yii\base\Module->runAction('dashboard/dashb...', Array)
#11 /var/www/html/humhub/protected/vendor/yiisoft/yii2/base/Application.php(386): yii\web\Application->handleRequest(Object(humhub\components\Request))
#12 /var/www/html/humhub/index.php(25): yii\base\Application->run()
#13 {main}
2019-05-01 17:02:00 [128.206.251.191][5][omvjtvg16hi0hm2hdvk2fdqg5f][info][application] $_GET = [
    'r' => 'dashboard/dashboard'
]

$_SERVER = [
    'HTTP_HOST' => 'pinocho.tk'
    'HTTP_CONNECTION' => 'keep-alive'
    'HTTP_CACHE_CONTROL' => 'max-age=0'
    'HTTP_UPGRADE_INSECURE_REQUESTS' => '1'
    'HTTP_USER_AGENT' => 'Mozilla/5.0 (Windows NT 10.0; Win64; x64) AppleWebKit/537.36 (KHTML, like Gecko) Chrome/74.0.3729.131 Safari/537.36'
    'HTTP_ACCEPT' => 'text/html,application/xhtml+xml,application/xml;q=0.9,image/webp,image/apng,*/*;q=0.8,application/signed-exchange;v=b3'
    'HTTP_REFERER' => 'http://pinocho.tk/humhub/index.php?r=user%2Fauth%2Flogin'
    'HTTP_ACCEPT_ENCODING' => 'gzip, deflate'
    'HTTP_ACCEPT_LANGUAGE' => 'en-US,en;q=0.9'
    'HTTP_COOKIE' => 'pm_getting-started-panel=expanded; PHPSESSID=omvjtvg16hi0hm2hdvk2fdqg5f; _identity=6fb9ad1e1820be421479592e1cdff5b7a17c994ea372c106e41543a1e1431f6da%3A2%3A%7Bi%3A0%3Bs%3A9%3A%22_identity%22%3Bi%3A1%3Bs%3A50%3A%22%5B5%2C%22ea5a040c-5481-4007-bc57-f600ebc4f173%22%2C2592000%5D%22%3B%7D; _csrf=8244156c9207cf7025222caf34fb8ddf651ab80deb5ec136fc695c7f230926bea%3A2%3A%7Bi%3A0%3Bs%3A5%3A%22_csrf%22%3Bi%3A1%3Bs%3A32%3A%2264KSPjdwG9LSV8WakeDPlw49tccij-XW%22%3B%7D'
    'PATH' => '/usr/local/sbin:/usr/local/bin:/usr/sbin:/usr/bin:/sbin:/bin'
    'SERVER_SIGNATURE' => '<address>Apache/2.4.29 (Ubuntu) Server at pinocho.tk Port 80</address>
'
    'SERVER_SOFTWARE' => 'Apache/2.4.29 (Ubuntu)'
    'SERVER_NAME' => 'pinocho.tk'
    'SERVER_ADDR' => '72.36.65.71'
    'SERVER_PORT' => '80'
    'REMOTE_ADDR' => '128.206.251.191'
    'DOCUMENT_ROOT' => '/var/www/html'
    'REQUEST_SCHEME' => 'http'
    'CONTEXT_PREFIX' => ''
    'CONTEXT_DOCUMENT_ROOT' => '/var/www/html'
    'SERVER_ADMIN' => 'webmaster@localhost'
    'SCRIPT_FILENAME' => '/var/www/html/humhub/index.php'
    'REMOTE_PORT' => '29581'
    'GATEWAY_INTERFACE' => 'CGI/1.1'
    'SERVER_PROTOCOL' => 'HTTP/1.1'
    'REQUEST_METHOD' => 'GET'
    'QUERY_STRING' => 'r=dashboard%2Fdashboard'
    'REQUEST_URI' => '/humhub/index.php?r=dashboard%2Fdashboard'
    'SCRIPT_NAME' => '/humhub/index.php'
    'PHP_SELF' => '/humhub/index.php'
    'REQUEST_TIME_FLOAT' => 1556748120.056
    'REQUEST_TIME' => 1556748120
]
